TN:
SF:src\App.tsx
FN:7,App
FNF:1
FNH:1
FNDA:1,App
DA:1,1
DA:2,1
DA:3,1
DA:4,1
DA:5,1
DA:6,1
DA:7,1
DA:8,1
DA:9,1
DA:10,1
DA:11,1
DA:12,1
DA:13,1
DA:14,1
DA:15,1
DA:16,1
DA:17,1
DA:18,1
DA:19,1
DA:20,1
DA:21,1
DA:22,1
DA:23,1
DA:24,1
DA:25,1
DA:26,1
DA:27,1
DA:28,1
DA:29,1
DA:30,1
DA:31,1
DA:32,1
DA:33,1
DA:34,1
DA:35,1
DA:36,1
DA:37,1
DA:38,1
DA:39,1
DA:40,1
DA:41,1
DA:42,1
DA:43,1
DA:44,1
LF:44
LH:44
BRDA:7,0,0,1
BRDA:8,1,0,2
BRDA:9,2,0,2
BRDA:11,3,0,1
BRDA:13,4,0,1
BRF:5
BRH:5
end_of_record
TN:
SF:src\components\StatusBadge.tsx
FN:20,StatusBadge
FNF:1
FNH:1
FNDA:60,StatusBadge
DA:1,1
DA:2,1
DA:3,1
DA:4,1
DA:5,1
DA:6,1
DA:7,1
DA:8,1
DA:9,1
DA:10,1
DA:11,1
DA:12,1
DA:13,1
DA:14,1
DA:15,1
DA:16,1
DA:17,1
DA:18,1
DA:19,1
DA:20,1
DA:21,60
DA:22,60
DA:23,60
DA:24,60
DA:25,60
DA:26,60
DA:27,60
DA:28,60
DA:29,60
DA:30,60
LF:30
LH:30
BRDA:20,0,0,60
BRDA:21,1,0,1
BRDA:25,2,0,11
BRDA:25,3,0,49
BRF:4
BRH:4
end_of_record
TN:
SF:src\components\SubmitTaskForm.tsx
FN:14,SubmitTaskForm
FN:23,toggleCriteria
FN:29,handleSubmit
FN:55,onChange
FN:74,onChange
FN:89,onChange
FNF:6
FNH:6
FNDA:40,SubmitTaskForm
FNDA:3,toggleCriteria
FNDA:3,handleSubmit
FNDA:1,onChange
FNDA:25,onChange
FNDA:3,onChange
DA:1,1
DA:2,1
DA:3,1
DA:4,1
DA:5,1
DA:6,1
DA:7,1
DA:8,1
DA:9,1
DA:10,1
DA:11,1
DA:12,1
DA:13,1
DA:14,1
DA:15,40
DA:16,40
DA:17,40
DA:18,40
DA:19,40
DA:20,40
DA:21,40
DA:22,40
DA:23,40
DA:24,3
DA:25,3
DA:26,3
DA:27,3
DA:28,40
DA:29,40
DA:30,3
DA:31,2
DA:32,2
DA:33,2
DA:34,1
DA:35,1
DA:36,1
DA:37,1
DA:38,1
DA:39,1
DA:40,1
DA:41,1
DA:42,1
DA:43,3
DA:44,40
DA:45,40
DA:46,40
DA:47,40
DA:48,40
DA:49,40
DA:50,40
DA:51,40
DA:52,40
DA:53,40
DA:54,40
DA:55,40
DA:56,40
DA:57,40
DA:58,40
DA:59,120
DA:60,120
DA:61,120
DA:62,40
DA:63,40
DA:64,40
DA:65,40
DA:66,40
DA:67,40
DA:68,40
DA:69,40
DA:70,40
DA:71,40
DA:72,40
DA:73,40
DA:74,40
DA:75,40
DA:76,40
DA:77,40
DA:78,40
DA:79,40
DA:80,40
DA:81,40
DA:82,40
DA:83,40
DA:84,40
DA:85,160
DA:86,160
DA:87,160
DA:88,160
DA:89,160
DA:90,160
DA:91,160
DA:92,160
DA:93,160
DA:94,40
DA:95,40
DA:96,40
DA:97,40
DA:98,40
DA:99,2
DA:100,40
DA:101,40
DA:102,40
DA:103,40
DA:104,40
DA:105,40
DA:106,40
DA:107,40
DA:108,40
DA:109,40
DA:110,40
DA:111,40
DA:112,40
DA:113,40
LF:113
LH:113
BRDA:14,0,0,40
BRDA:98,1,0,2
BRDA:108,2,0,1
BRDA:108,3,0,39
BRDA:15,4,0,42
BRDA:16,5,0,42
BRDA:23,6,0,3
BRDA:24,7,0,3
BRDA:25,8,0,1
BRDA:25,9,0,2
BRDA:25,10,0,2
BRDA:29,11,0,3
BRDA:30,12,0,2
BRDA:33,13,0,1
BRDA:55,14,0,1
BRDA:58,15,0,120
BRDA:60,16,0,240
BRDA:74,17,0,25
BRDA:84,18,0,160
BRDA:89,19,0,3
BRF:20
BRH:20
end_of_record
TN:
SF:src\components\TaskDetail.tsx
FN:21,Section
FN:34,onClick
FN:53,KV
FN:63,ConfBar
FN:77,RecBadge
FN:88,VertexModeBadge
FN:105,TaskDetail
FN:127,handleExport
FN:381,onClick
FNF:9
FNH:9
FNDA:103,Section
FNDA:11,onClick
FNDA:16,KV
FNDA:9,ConfBar
FNDA:18,RecBadge
FNDA:4,VertexModeBadge
FNDA:46,TaskDetail
FNDA:2,handleExport
FNDA:2,onClick
DA:1,1
DA:2,1
DA:3,1
DA:4,1
DA:5,1
DA:6,1
DA:7,1
DA:8,1
DA:9,1
DA:10,1
DA:11,1
DA:12,1
DA:13,1
DA:14,1
DA:15,1
DA:16,1
DA:17,1
DA:18,1
DA:19,1
DA:20,1
DA:21,103
DA:22,103
DA:23,103
DA:24,103
DA:25,103
DA:26,103
DA:27,103
DA:28,103
DA:29,103
DA:30,103
DA:31,103
DA:32,103
DA:33,103
DA:34,103
DA:35,103
DA:36,103
DA:37,103
DA:38,103
DA:39,103
DA:40,103
DA:41,103
DA:42,103
DA:43,103
DA:44,103
DA:45,103
DA:46,103
DA:47,103
DA:48,103
DA:49,103
DA:50,103
DA:51,1
DA:52,1
DA:53,16
DA:54,16
DA:55,16
DA:56,16
DA:57,16
DA:58,16
DA:59,16
DA:60,16
DA:61,1
DA:62,1
DA:63,9
DA:64,9
DA:65,9
DA:66,9
DA:67,9
DA:68,9
DA:69,9
DA:70,9
DA:71,9
DA:72,9
DA:73,9
DA:74,9
DA:75,1
DA:76,1
DA:77,18
DA:78,18
DA:79,18
DA:80,9
DA:81,3
DA:82,1
DA:83,0
DA:84,18
DA:85,18
DA:86,1
DA:87,1
DA:88,4
DA:89,4
DA:90,4
DA:91,4
DA:92,4
DA:93,4
DA:94,4
DA:95,2
DA:96,2
DA:97,4
DA:98,4
DA:99,4
DA:100,4
DA:101,4
DA:102,4
DA:103,4
DA:104,1
DA:105,1
DA:106,46
DA:107,46
DA:108,46
DA:109,46
DA:110,46
DA:111,46
DA:112,46
DA:113,46
DA:114,46
DA:115,46
DA:116,28
DA:117,46
DA:118,46
DA:119,46
DA:120,28
DA:121,7
DA:122,7
DA:123,7
DA:124,7
DA:125,46
DA:126,46
DA:127,46
DA:128,2
DA:129,2
DA:130,2
DA:131,1
DA:132,1
DA:133,1
DA:134,1
DA:135,1
DA:136,1
DA:137,2
DA:138,46
DA:139,46
DA:140,2
DA:141,2
DA:142,2
DA:143,2
DA:144,2
DA:145,2
DA:146,44
DA:147,45
DA:148,46
DA:149,46
DA:150,46
DA:151,46
DA:152,46
DA:153,46
DA:154,46
DA:155,46
DA:156,46
DA:157,46
DA:158,46
DA:159,46
DA:160,46
DA:161,46
DA:162,46
DA:163,46
DA:164,5
DA:165,46
DA:166,46
DA:167,46
DA:168,46
DA:169,46
DA:170,46
DA:171,46
DA:172,46
DA:173,46
DA:174,46
DA:175,46
DA:176,46
DA:177,46
DA:178,46
DA:179,46
DA:180,220
DA:181,220
DA:182,220
DA:183,220
DA:184,220
DA:185,220
DA:186,220
DA:187,220
DA:188,220
DA:189,220
DA:190,220
DA:191,220
DA:192,220
DA:193,220
DA:194,220
DA:195,220
DA:196,220
DA:197,220
DA:198,220
DA:199,176
DA:200,176
DA:201,176
DA:202,176
DA:203,220
DA:204,220
DA:205,220
DA:206,46
DA:207,46
DA:208,46
DA:209,46
DA:210,2
DA:211,2
DA:212,2
DA:213,2
DA:214,46
DA:215,46
DA:216,46
DA:217,46
DA:218,46
DA:219,46
DA:220,46
DA:221,46
DA:222,46
DA:223,46
DA:224,46
DA:225,46
DA:226,46
DA:227,46
DA:228,5
DA:229,5
DA:230,5
DA:231,5
DA:232,5
DA:233,4
DA:234,2
DA:235,5
DA:236,5
DA:237,5
DA:238,5
DA:239,5
DA:240,5
DA:241,5
DA:242,5
DA:243,5
DA:244,5
DA:245,5
DA:246,5
DA:247,5
DA:248,1
DA:249,1
DA:250,1
DA:251,1
DA:252,5
DA:253,5
DA:254,2
DA:255,2
DA:256,2
DA:257,2
DA:258,2
DA:259,2
DA:260,5
DA:261,5
DA:262,46
DA:263,46
DA:264,46
DA:265,46
DA:266,4
DA:267,4
DA:268,4
DA:269,4
DA:270,4
DA:271,3
DA:272,1
DA:273,4
DA:274,4
DA:275,4
DA:276,4
DA:277,4
DA:278,4
DA:279,4
DA:280,6
DA:281,6
DA:282,6
DA:283,6
DA:284,6
DA:285,6
DA:286,6
DA:287,6
DA:288,5
DA:289,6
DA:290,6
DA:291,6
DA:292,6
DA:293,6
DA:294,5
DA:295,5
DA:296,5
DA:297,5
DA:298,6
DA:299,6
DA:300,6
DA:301,6
DA:302,6
DA:303,6
DA:304,6
DA:305,6
DA:306,6
DA:307,6
DA:308,4
DA:309,4
DA:310,4
DA:311,46
DA:312,46
DA:313,46
DA:314,46
DA:315,2
DA:316,2
DA:317,2
DA:318,2
DA:319,2
DA:320,2
DA:321,2
DA:322,1
DA:323,1
DA:324,2
DA:325,2
DA:326,2
DA:327,2
DA:328,2
DA:329,2
DA:330,46
DA:331,46
DA:332,46
DA:333,46
DA:334,37
DA:335,37
DA:336,37
DA:337,37
DA:338,37
DA:339,37
DA:340,37
DA:341,14
DA:342,37
DA:343,37
DA:344,7
DA:345,37
DA:346,37
DA:347,1
DA:348,37
DA:349,37
DA:350,37
DA:351,9
DA:352,9
DA:353,9
DA:354,9
DA:355,9
DA:356,9
DA:357,9
DA:358,9
DA:359,9
DA:360,9
DA:361,9
DA:362,9
DA:363,9
DA:364,9
DA:365,9
DA:366,9
DA:367,9
DA:368,9
DA:369,9
DA:370,9
DA:371,9
DA:372,9
DA:373,9
DA:374,9
DA:375,4
DA:376,4
DA:377,4
DA:378,4
DA:379,5
DA:380,5
DA:381,5
DA:382,5
DA:383,5
DA:384,5
DA:385,5
DA:386,5
DA:387,5
DA:388,2
DA:389,5
DA:390,5
DA:391,5
DA:392,5
DA:393,5
DA:394,5
DA:395,5
DA:396,1
DA:397,1
DA:398,1
DA:399,1
DA:400,1
DA:401,1
DA:402,1
DA:403,1
DA:404,1
DA:405,1
DA:406,1
DA:407,1
DA:408,1
DA:409,1
DA:410,1
DA:411,1
DA:412,1
DA:413,1
DA:414,5
DA:415,5
DA:416,4
DA:417,4
DA:418,4
DA:419,9
DA:420,9
DA:421,9
DA:422,9
DA:423,9
DA:424,9
DA:425,9
DA:426,9
DA:427,9
DA:428,37
DA:429,37
DA:430,46
DA:431,46
DA:432,46
DA:433,46
DA:434,46
DA:435,46
LF:435
LH:434
BRDA:21,0,0,103
BRDA:40,1,0,0
BRDA:45,2,0,48
BRDA:45,3,0,55
BRDA:47,4,0,48
BRDA:34,5,0,11
BRDA:34,6,0,11
BRDA:53,7,0,16
BRDA:57,8,0,8
BRDA:57,9,0,8
BRDA:63,10,0,9
BRDA:65,11,0,2
BRDA:65,12,0,7
BRDA:65,13,0,3
BRDA:65,14,0,4
BRDA:77,15,0,18
BRDA:79,16,0,9
BRDA:79,17,0,9
BRDA:80,18,0,6
BRDA:80,19,0,3
BRDA:81,20,0,2
BRDA:81,21,0,1
BRDA:82,22,0,0
BRDA:84,23,0,0
BRDA:88,24,0,4
BRDA:94,25,0,2
BRDA:95,26,0,2
BRDA:99,27,0,2
BRDA:99,28,0,2
BRDA:100,29,0,2
BRDA:100,30,0,2
BRDA:105,31,0,46
BRDA:108,32,0,44
BRDA:108,33,0,2
BRDA:125,34,0,44
BRDA:125,35,0,44
BRDA:139,36,0,2
BRDA:145,37,0,45
BRDA:145,38,0,44
BRDA:147,39,0,43
BRDA:151,40,0,5
BRDA:151,41,0,40
BRDA:151,42,0,1
BRDA:151,43,0,39
BRDA:163,44,0,5
BRDA:170,45,0,2
BRDA:209,46,0,2
BRDA:212,47,0,1
BRDA:223,48,0,1
BRDA:227,49,0,5
BRDA:230,50,0,0
BRDA:232,51,0,1
BRDA:232,52,0,4
BRDA:233,53,0,2
BRDA:233,54,0,2
BRDA:234,55,0,0
BRDA:241,56,0,0
BRDA:247,57,0,1
BRDA:253,58,0,2
BRDA:253,59,0,2
BRDA:265,60,0,5
BRDA:265,61,0,5
BRDA:265,62,0,4
BRDA:270,63,0,1
BRDA:270,64,0,3
BRDA:271,65,0,2
BRDA:271,66,0,1
BRDA:314,67,0,2
BRDA:321,68,0,1
BRDA:322,69,0,1
BRDA:328,70,0,1
BRDA:333,71,0,37
BRDA:336,72,0,23
BRDA:336,73,0,14
BRDA:337,74,0,23
BRDA:337,75,0,14
BRDA:340,76,0,14
BRDA:343,77,0,23
BRDA:343,78,0,7
BRDA:346,79,0,1
BRDA:350,80,0,9
BRDA:367,81,0,5
BRDA:367,82,0,4
BRDA:368,83,0,1
BRDA:368,84,0,3
BRDA:374,85,0,4
BRDA:106,86,0,49
BRDA:107,87,0,49
BRDA:115,88,0,28
BRDA:119,89,0,28
BRDA:120,90,0,26
BRDA:120,91,0,7
BRDA:120,92,0,21
BRDA:120,93,0,7
BRDA:123,94,0,6
BRDA:124,95,0,1
BRDA:127,96,0,2
BRDA:128,97,0,0
BRDA:130,98,0,1
BRDA:179,99,0,220
BRDA:180,100,0,185
BRDA:180,101,0,35
BRDA:181,102,0,35
BRDA:182,103,0,35
BRDA:187,104,0,10
BRDA:187,105,0,0
BRDA:188,106,0,200
BRDA:188,107,0,190
BRDA:188,108,0,30
BRDA:189,109,0,5
BRDA:189,110,0,5
BRDA:189,111,0,215
BRDA:190,112,0,15
BRDA:190,113,0,205
BRDA:193,114,0,15
BRDA:193,115,0,205
BRDA:194,116,0,10
BRDA:194,117,0,0
BRDA:198,118,0,176
BRDA:200,119,0,8
BRDA:200,120,0,168
BRDA:201,121,0,15
BRDA:201,122,0,158
BRDA:201,123,0,10
BRDA:279,124,0,6
BRDA:287,125,0,1
BRDA:287,126,0,5
BRDA:288,127,0,3
BRDA:288,128,0,2
BRDA:293,129,0,5
BRDA:301,130,0,1
BRDA:301,131,0,5
BRDA:303,132,0,4
BRDA:303,133,0,2
BRDA:304,134,0,4
BRDA:304,135,0,2
BRDA:378,136,0,5
BRDA:387,137,0,3
BRDA:387,138,0,2
BRDA:388,139,0,1
BRDA:388,140,0,1
BRDA:392,141,0,1
BRDA:392,142,0,4
BRDA:395,143,0,1
BRDA:381,144,0,2
BRDA:381,145,0,1
BRDA:381,146,0,1
BRDA:401,147,0,1
BRDA:409,148,0,1
BRF:149
BRH:140
end_of_record
TN:
SF:src\components\TaskList.tsx
FN:4,fmt
FN:8,TaskList
FN:39,onClick
FNF:3
FNH:3
FNDA:6,fmt
FNDA:7,TaskList
FNDA:1,onClick
DA:1,1
DA:2,1
DA:3,1
DA:4,6
DA:5,6
DA:6,6
DA:7,1
DA:8,1
DA:9,7
DA:10,7
DA:11,7
DA:12,7
DA:13,7
DA:14,7
DA:15,7
DA:16,7
DA:17,7
DA:18,2
DA:19,2
DA:20,2
DA:21,2
DA:22,2
DA:23,2
DA:24,2
DA:25,5
DA:26,5
DA:27,5
DA:28,5
DA:29,5
DA:30,5
DA:31,5
DA:32,5
DA:33,5
DA:34,5
DA:35,6
DA:36,6
DA:37,6
DA:38,6
DA:39,6
DA:40,6
DA:41,6
DA:42,6
DA:43,6
DA:44,6
DA:45,6
DA:46,6
DA:47,6
DA:48,6
DA:49,6
DA:50,6
DA:51,6
DA:52,6
DA:53,6
DA:54,6
DA:55,6
DA:56,1
DA:57,1
DA:58,1
DA:59,6
DA:60,6
DA:61,6
DA:62,5
DA:63,5
DA:64,5
DA:65,5
DA:66,5
LF:66
LH:66
BRDA:4,0,0,6
BRDA:8,1,0,7
BRDA:17,2,0,2
BRDA:24,3,0,5
BRDA:9,4,0,9
BRDA:10,5,0,9
BRDA:11,6,0,9
BRDA:14,7,0,1
BRDA:34,8,0,6
BRDA:41,9,0,1
BRDA:41,10,0,5
BRDA:55,11,0,3
BRDA:55,12,0,1
BRDA:39,13,0,1
BRF:14
BRH:14
end_of_record
TN:
SF:src\services\api.ts
FN:14,request
FN:30,submitTask
FN:44,getTask
FN:48,listTasks
FN:53,transformReport
FN:117,getReport
FN:123,transformExport
FN:148,exportReport
FNF:8
FNH:8
FNDA:14,request
FNDA:2,submitTask
FNDA:1,getTask
FNDA:2,listTasks
FNDA:6,transformReport
FNDA:6,getReport
FNDA:3,transformExport
FNDA:3,exportReport
DA:1,1
DA:2,1
DA:3,1
DA:4,1
DA:5,1
DA:6,1
DA:7,1
DA:8,1
DA:9,1
DA:10,1
DA:11,1
DA:12,1
DA:13,1
DA:14,14
DA:15,14
DA:16,14
DA:17,14
DA:18,14
DA:19,14
DA:20,14
DA:21,14
DA:22,14
DA:23,14
DA:24,1
DA:25,1
DA:26,1
DA:27,13
DA:28,13
DA:29,1
DA:30,2
DA:31,2
DA:32,2
DA:33,2
DA:34,2
DA:35,2
DA:36,2
DA:37,2
DA:38,2
DA:39,2
DA:40,2
DA:41,2
DA:42,2
DA:43,1
DA:44,1
DA:45,1
DA:46,1
DA:47,1
DA:48,2
DA:49,2
DA:50,2
DA:51,1
DA:52,1
DA:53,6
DA:54,6
DA:55,6
DA:56,6
DA:57,6
DA:58,6
DA:59,6
DA:60,6
DA:61,6
DA:62,6
DA:63,9
DA:64,9
DA:65,9
DA:66,9
DA:67,9
DA:68,9
DA:69,4
DA:70,4
DA:71,9
DA:72,2
DA:73,5
DA:74,2
DA:75,2
DA:76,9
DA:77,9
DA:78,9
DA:79,9
DA:80,17
DA:81,11
DA:82,11
DA:83,9
DA:84,9
DA:85,9
DA:86,9
DA:87,1
DA:88,2
DA:89,1
DA:90,1
DA:91,9
DA:92,9
DA:93,9
DA:94,9
DA:95,9
DA:96,9
DA:97,9
DA:98,9
DA:99,6
DA:100,6
DA:101,6
DA:102,6
DA:103,6
DA:104,6
DA:105,6
DA:106,6
DA:107,6
DA:108,6
DA:109,6
DA:110,6
DA:111,6
DA:112,6
DA:113,6
DA:114,6
DA:115,6
DA:116,1
DA:117,6
DA:118,6
DA:119,6
DA:120,6
DA:121,1
DA:122,1
DA:123,3
DA:124,3
DA:125,3
DA:126,3
DA:127,3
DA:128,3
DA:129,3
DA:130,3
DA:131,3
DA:132,5
DA:133,5
DA:134,5
DA:135,5
DA:136,5
DA:137,5
DA:138,5
DA:139,3
DA:140,3
DA:141,3
DA:142,3
DA:143,3
DA:144,3
DA:145,3
DA:146,3
DA:147,1
DA:148,3
DA:149,3
DA:150,3
DA:151,3
DA:152,3
DA:153,3
LF:153
LH:153
BRDA:14,0,0,14
BRDA:20,1,0,2
BRDA:23,2,0,1
BRDA:26,3,0,13
BRDA:30,4,0,2
BRDA:44,5,0,1
BRDA:48,6,0,2
BRDA:53,7,0,6
BRDA:54,8,0,1
BRDA:102,9,0,1
BRDA:103,10,0,1
BRDA:104,11,0,1
BRDA:106,12,0,5
BRDA:107,13,0,2
BRDA:107,14,0,5
BRDA:110,15,0,5
BRDA:111,16,0,4
BRDA:111,17,0,5
BRDA:62,18,0,9
BRDA:63,19,0,1
BRDA:64,20,0,0
BRDA:68,21,0,4
BRDA:69,22,0,0
BRDA:70,23,0,2
BRDA:70,24,0,2
BRDA:70,25,0,1
BRDA:70,26,0,1
BRDA:71,27,0,5
BRDA:71,28,0,2
BRDA:72,29,0,1
BRDA:72,30,0,1
BRDA:73,31,0,3
BRDA:73,32,0,2
BRDA:74,33,0,1
BRDA:74,34,0,1
BRDA:86,35,0,2
BRDA:86,36,0,1
BRDA:79,37,0,17
BRDA:80,38,0,16
BRDA:80,39,0,15
BRDA:80,40,0,14
BRDA:80,41,0,12
BRDA:80,42,0,11
BRDA:87,43,0,2
BRDA:88,44,0,0
BRDA:117,45,0,6
BRDA:123,46,0,3
BRDA:141,47,0,0
BRDA:130,48,0,9
BRDA:131,49,0,5
BRDA:136,50,0,9
BRDA:136,51,0,8
BRDA:136,52,0,8
BRDA:137,53,0,7
BRDA:148,54,0,3
BRF:55
BRH:51
end_of_record
TN:
SF:src\store\taskStore.ts
FN:7,normalise
FN:47,submitTask
FN:63,refreshTasks
FN:109,selectTask
FN:122,startPolling
FN:131,stopPolling
FNF:6
FNH:6
FNDA:11,normalise
FNDA:3,submitTask
FNDA:14,refreshTasks
FNDA:2,selectTask
FNDA:4,startPolling
FNDA:19,stopPolling
DA:1,1
DA:2,1
DA:3,1
DA:4,1
DA:5,1
DA:6,1
DA:7,11
DA:8,11
DA:9,11
DA:10,11
DA:11,11
DA:12,11
DA:13,11
DA:14,11
DA:15,11
DA:16,11
DA:17,11
DA:18,11
DA:19,11
DA:20,11
DA:21,1
DA:22,1
DA:23,1
DA:24,1
DA:25,1
DA:26,1
DA:27,1
DA:28,1
DA:29,1
DA:30,1
DA:31,1
DA:32,1
DA:33,1
DA:34,1
DA:35,1
DA:36,1
DA:37,1
DA:38,1
DA:39,1
DA:40,1
DA:41,5
DA:42,5
DA:43,5
DA:44,5
DA:45,5
DA:46,5
DA:47,5
DA:48,3
DA:49,3
DA:50,3
DA:51,2
DA:52,2
DA:53,2
DA:54,2
DA:55,2
DA:56,2
DA:57,2
DA:58,3
DA:59,1
DA:60,1
DA:61,3
DA:62,5
DA:63,5
DA:64,14
DA:65,14
DA:66,14
DA:67,14
DA:68,14
DA:69,14
DA:70,14
DA:71,14
DA:72,14
DA:73,8
DA:74,8
DA:75,6
DA:76,3
DA:77,8
DA:78,8
DA:79,6
DA:80,6
DA:81,6
DA:82,1
DA:83,1
DA:84,6
DA:85,2
DA:86,2
DA:87,2
DA:88,2
DA:89,8
DA:90,1
DA:91,1
DA:92,1
DA:93,1
DA:94,14
DA:95,14
DA:96,13
DA:97,13
DA:98,13
DA:99,13
DA:100,8
DA:101,8
DA:102,13
DA:103,13
DA:104,14
DA:105,1
DA:106,1
DA:107,14
DA:108,5
DA:109,5
DA:110,2
DA:111,2
DA:112,2
DA:113,2
DA:114,1
DA:115,1
DA:116,1
DA:117,1
DA:118,1
DA:119,1
DA:120,2
DA:121,5
DA:122,5
DA:123,4
DA:124,3
DA:125,3
DA:126,1
DA:127,3
DA:128,3
DA:129,4
DA:130,5
DA:131,5
DA:132,19
DA:133,19
DA:134,3
DA:135,3
DA:136,3
DA:137,19
DA:138,1
LF:138
LH:138
BRDA:7,0,0,11
BRDA:10,1,0,9
BRDA:11,2,0,1
BRDA:12,3,0,9
BRDA:13,4,0,1
BRDA:15,5,0,5
BRDA:40,6,0,5
BRDA:47,7,0,3
BRDA:50,8,0,2
BRDA:58,9,0,1
BRDA:52,10,0,2
BRDA:63,11,0,14
BRDA:65,12,0,13
BRDA:66,13,0,1
BRDA:95,14,0,13
BRDA:104,15,0,1
BRDA:72,16,0,8
BRDA:74,17,0,6
BRDA:75,18,0,3
BRDA:78,19,0,6
BRDA:80,20,0,5
BRDA:81,21,0,1
BRDA:84,22,0,2
BRDA:89,23,0,1
BRDA:89,24,0,0
BRDA:89,25,0,0
BRDA:89,26,0,1
BRDA:97,27,0,13
BRDA:99,28,0,8
BRDA:109,29,0,2
BRDA:113,30,0,1
BRDA:114,31,0,1
BRDA:122,32,0,4
BRDA:123,33,0,1
BRDA:123,34,0,3
BRDA:125,35,0,1
BRDA:131,36,0,19
BRDA:133,37,0,3
BRF:38
BRH:36
end_of_record
TN:
SF:src\types\index.ts
FNF:0
FNH:0
DA:1,1
DA:2,1
DA:3,1
DA:4,1
DA:5,1
DA:6,1
DA:7,1
DA:8,1
DA:9,1
DA:10,1
DA:11,1
DA:12,1
DA:13,1
DA:14,1
DA:15,1
DA:16,1
DA:17,1
DA:18,1
DA:19,1
DA:20,1
DA:21,1
DA:22,1
DA:23,1
DA:24,1
DA:25,1
DA:26,1
DA:27,1
DA:28,1
DA:29,1
DA:30,1
DA:31,1
DA:32,1
DA:33,1
DA:34,1
DA:35,1
DA:36,1
DA:37,1
DA:38,1
DA:39,1
DA:40,1
DA:41,1
DA:42,1
DA:43,1
DA:44,1
DA:45,1
DA:46,1
DA:47,1
DA:48,1
DA:49,1
DA:50,1
DA:51,1
DA:52,1
DA:53,1
DA:54,1
DA:55,1
DA:56,1
DA:57,1
DA:58,1
DA:59,1
DA:60,1
DA:61,1
DA:62,1
DA:63,1
DA:64,1
DA:65,1
DA:66,1
DA:67,1
DA:68,1
DA:69,1
DA:70,1
DA:71,1
DA:72,1
DA:73,1
DA:74,1
DA:75,1
DA:76,1
DA:77,1
DA:78,1
DA:79,1
DA:80,1
DA:81,1
DA:82,1
DA:83,1
DA:84,1
DA:85,1
DA:86,1
DA:87,1
DA:88,1
DA:89,1
DA:90,1
DA:91,1
DA:92,1
DA:93,1
DA:94,1
DA:95,1
LF:95
LH:95
BRF:0
BRH:0
end_of_record
