TN:
SF:src\App.tsx
FN:7,App
FNF:1
FNH:1
FNDA:1,App
DA:1,1
DA:2,1
DA:3,1
DA:4,1
DA:5,1
DA:6,1
DA:7,1
DA:8,1
DA:9,1
DA:10,1
DA:11,1
DA:12,1
DA:13,1
DA:14,1
DA:15,1
DA:16,1
DA:17,1
DA:18,1
DA:19,1
DA:20,1
DA:21,1
DA:22,1
DA:23,1
DA:24,1
DA:25,1
DA:26,1
DA:27,1
DA:28,1
DA:29,1
DA:30,1
DA:31,1
DA:32,1
DA:33,1
DA:34,1
DA:35,1
DA:36,1
DA:37,1
DA:38,1
DA:39,1
DA:40,1
DA:41,1
DA:42,1
DA:43,1
DA:44,1
LF:44
LH:44
BRDA:7,0,0,1
BRDA:8,1,0,2
BRDA:9,2,0,2
BRDA:11,3,0,1
BRDA:13,4,0,1
BRF:5
BRH:5
end_of_record
TN:
SF:src\components\StatusBadge.tsx
FN:20,StatusBadge
FNF:1
FNH:1
FNDA:63,StatusBadge
DA:1,1
DA:2,1
DA:3,1
DA:4,1
DA:5,1
DA:6,1
DA:7,1
DA:8,1
DA:9,1
DA:10,1
DA:11,1
DA:12,1
DA:13,1
DA:14,1
DA:15,1
DA:16,1
DA:17,1
DA:18,1
DA:19,1
DA:20,1
DA:21,63
DA:22,63
DA:23,63
DA:24,63
DA:25,63
DA:26,63
DA:27,63
DA:28,63
DA:29,63
DA:30,63
LF:30
LH:30
BRDA:20,0,0,63
BRDA:21,1,0,1
BRDA:25,2,0,11
BRDA:25,3,0,52
BRF:4
BRH:4
end_of_record
TN:
SF:src\components\SubmitTaskForm.tsx
FN:14,SubmitTaskForm
FN:23,toggleCriteria
FN:29,handleSubmit
FN:55,onChange
FN:74,onChange
FN:89,onChange
FNF:6
FNH:6
FNDA:40,SubmitTaskForm
FNDA:3,toggleCriteria
FNDA:3,handleSubmit
FNDA:1,onChange
FNDA:25,onChange
FNDA:3,onChange
DA:1,1
DA:2,1
DA:3,1
DA:4,1
DA:5,1
DA:6,1
DA:7,1
DA:8,1
DA:9,1
DA:10,1
DA:11,1
DA:12,1
DA:13,1
DA:14,1
DA:15,40
DA:16,40
DA:17,40
DA:18,40
DA:19,40
DA:20,40
DA:21,40
DA:22,40
DA:23,40
DA:24,3
DA:25,3
DA:26,3
DA:27,3
DA:28,40
DA:29,40
DA:30,3
DA:31,2
DA:32,2
DA:33,2
DA:34,1
DA:35,1
DA:36,1
DA:37,1
DA:38,1
DA:39,1
DA:40,1
DA:41,1
DA:42,1
DA:43,3
DA:44,40
DA:45,40
DA:46,40
DA:47,40
DA:48,40
DA:49,40
DA:50,40
DA:51,40
DA:52,40
DA:53,40
DA:54,40
DA:55,40
DA:56,40
DA:57,40
DA:58,40
DA:59,120
DA:60,120
DA:61,120
DA:62,40
DA:63,40
DA:64,40
DA:65,40
DA:66,40
DA:67,40
DA:68,40
DA:69,40
DA:70,40
DA:71,40
DA:72,40
DA:73,40
DA:74,40
DA:75,40
DA:76,40
DA:77,40
DA:78,40
DA:79,40
DA:80,40
DA:81,40
DA:82,40
DA:83,40
DA:84,40
DA:85,160
DA:86,160
DA:87,160
DA:88,160
DA:89,160
DA:90,160
DA:91,160
DA:92,160
DA:93,160
DA:94,40
DA:95,40
DA:96,40
DA:97,40
DA:98,40
DA:99,2
DA:100,40
DA:101,40
DA:102,40
DA:103,40
DA:104,40
DA:105,40
DA:106,40
DA:107,40
DA:108,40
DA:109,40
DA:110,40
DA:111,40
DA:112,40
DA:113,40
LF:113
LH:113
BRDA:14,0,0,40
BRDA:98,1,0,2
BRDA:108,2,0,1
BRDA:108,3,0,39
BRDA:15,4,0,42
BRDA:16,5,0,42
BRDA:23,6,0,3
BRDA:24,7,0,3
BRDA:25,8,0,1
BRDA:25,9,0,2
BRDA:25,10,0,2
BRDA:29,11,0,3
BRDA:30,12,0,2
BRDA:33,13,0,1
BRDA:55,14,0,1
BRDA:58,15,0,120
BRDA:60,16,0,240
BRDA:74,17,0,25
BRDA:84,18,0,160
BRDA:89,19,0,3
BRF:20
BRH:20
end_of_record
TN:
SF:src\components\TaskDetail.tsx
FN:21,Section
FN:34,onClick
FN:53,KV
FN:63,ConfBar
FN:77,RecBadge
FN:88,VertexModeBadge
FN:105,TaskDetail
FN:127,handleExport
FN:381,onClick
FNF:9
FNH:9
FNDA:109,Section
FNDA:11,onClick
FNDA:16,KV
FNDA:9,ConfBar
FNDA:19,RecBadge
FNDA:4,VertexModeBadge
FNDA:49,TaskDetail
FNDA:2,handleExport
FNDA:2,onClick
DA:1,1
DA:2,1
DA:3,1
DA:4,1
DA:5,1
DA:6,1
DA:7,1
DA:8,1
DA:9,1
DA:10,1
DA:11,1
DA:12,1
DA:13,1
DA:14,1
DA:15,1
DA:16,1
DA:17,1
DA:18,1
DA:19,1
DA:20,1
DA:21,109
DA:22,109
DA:23,109
DA:24,109
DA:25,109
DA:26,109
DA:27,109
DA:28,109
DA:29,109
DA:30,109
DA:31,109
DA:32,109
DA:33,109
DA:34,109
DA:35,109
DA:36,109
DA:37,109
DA:38,109
DA:39,109
DA:40,109
DA:41,109
DA:42,109
DA:43,109
DA:44,109
DA:45,109
DA:46,109
DA:47,109
DA:48,109
DA:49,109
DA:50,109
DA:51,1
DA:52,1
DA:53,16
DA:54,16
DA:55,16
DA:56,16
DA:57,16
DA:58,16
DA:59,16
DA:60,16
DA:61,1
DA:62,1
DA:63,9
DA:64,9
DA:65,9
DA:66,9
DA:67,9
DA:68,9
DA:69,9
DA:70,9
DA:71,9
DA:72,9
DA:73,9
DA:74,9
DA:75,1
DA:76,1
DA:77,19
DA:78,19
DA:79,19
DA:80,10
DA:81,4
DA:82,2
DA:83,1
DA:84,19
DA:85,19
DA:86,1
DA:87,1
DA:88,4
DA:89,4
DA:90,4
DA:91,4
DA:92,4
DA:93,4
DA:94,4
DA:95,2
DA:96,2
DA:97,4
DA:98,4
DA:99,4
DA:100,4
DA:101,4
DA:102,4
DA:103,4
DA:104,1
DA:105,1
DA:106,49
DA:107,49
DA:108,49
DA:109,49
DA:110,49
DA:111,49
DA:112,49
DA:113,49
DA:114,49
DA:115,49
DA:116,29
DA:117,49
DA:118,49
DA:119,49
DA:120,29
DA:121,8
DA:122,8
DA:123,8
DA:124,8
DA:125,49
DA:126,49
DA:127,49
DA:128,2
DA:129,2
DA:130,2
DA:131,1
DA:132,1
DA:133,1
DA:134,1
DA:135,1
DA:136,1
DA:137,2
DA:138,49
DA:139,49
DA:140,2
DA:141,2
DA:142,2
DA:143,2
DA:144,2
DA:145,2
DA:146,47
DA:147,48
DA:148,49
DA:149,49
DA:150,49
DA:151,49
DA:152,49
DA:153,49
DA:154,49
DA:155,49
DA:156,49
DA:157,49
DA:158,49
DA:159,49
DA:160,49
DA:161,49
DA:162,49
DA:163,49
DA:164,5
DA:165,49
DA:166,49
DA:167,49
DA:168,49
DA:169,49
DA:170,49
DA:171,49
DA:172,49
DA:173,49
DA:174,49
DA:175,49
DA:176,49
DA:177,49
DA:178,49
DA:179,49
DA:180,235
DA:181,235
DA:182,235
DA:183,235
DA:184,235
DA:185,235
DA:186,235
DA:187,235
DA:188,235
DA:189,235
DA:190,235
DA:191,235
DA:192,235
DA:193,235
DA:194,235
DA:195,235
DA:196,235
DA:197,235
DA:198,235
DA:199,188
DA:200,188
DA:201,188
DA:202,188
DA:203,235
DA:204,235
DA:205,235
DA:206,49
DA:207,49
DA:208,49
DA:209,49
DA:210,2
DA:211,2
DA:212,2
DA:213,2
DA:214,49
DA:215,49
DA:216,49
DA:217,49
DA:218,49
DA:219,49
DA:220,49
DA:221,49
DA:222,49
DA:223,49
DA:224,49
DA:225,49
DA:226,49
DA:227,49
DA:228,5
DA:229,5
DA:230,5
DA:231,5
DA:232,5
DA:233,4
DA:234,2
DA:235,5
DA:236,5
DA:237,5
DA:238,5
DA:239,5
DA:240,5
DA:241,5
DA:242,5
DA:243,5
DA:244,5
DA:245,5
DA:246,5
DA:247,5
DA:248,1
DA:249,1
DA:250,1
DA:251,1
DA:252,5
DA:253,5
DA:254,2
DA:255,2
DA:256,2
DA:257,2
DA:258,2
DA:259,2
DA:260,5
DA:261,5
DA:262,49
DA:263,49
DA:264,49
DA:265,49
DA:266,4
DA:267,4
DA:268,4
DA:269,4
DA:270,4
DA:271,3
DA:272,1
DA:273,4
DA:274,4
DA:275,4
DA:276,4
DA:277,4
DA:278,4
DA:279,4
DA:280,6
DA:281,6
DA:282,6
DA:283,6
DA:284,6
DA:285,6
DA:286,6
DA:287,6
DA:288,5
DA:289,6
DA:290,6
DA:291,6
DA:292,6
DA:293,6
DA:294,5
DA:295,5
DA:296,5
DA:297,5
DA:298,6
DA:299,6
DA:300,6
DA:301,6
DA:302,6
DA:303,6
DA:304,6
DA:305,6
DA:306,6
DA:307,6
DA:308,4
DA:309,4
DA:310,4
DA:311,49
DA:312,49
DA:313,49
DA:314,49
DA:315,2
DA:316,2
DA:317,2
DA:318,2
DA:319,2
DA:320,2
DA:321,2
DA:322,1
DA:323,1
DA:324,2
DA:325,2
DA:326,2
DA:327,2
DA:328,2
DA:329,2
DA:330,49
DA:331,49
DA:332,49
DA:333,49
DA:334,40
DA:335,40
DA:336,40
DA:337,40
DA:338,40
DA:339,40
DA:340,40
DA:341,14
DA:342,40
DA:343,40
DA:344,8
DA:345,40
DA:346,40
DA:347,1
DA:348,40
DA:349,40
DA:350,40
DA:351,10
DA:352,10
DA:353,10
DA:354,10
DA:355,10
DA:356,10
DA:357,10
DA:358,10
DA:359,10
DA:360,10
DA:361,10
DA:362,10
DA:363,10
DA:364,10
DA:365,10
DA:366,10
DA:367,10
DA:368,10
DA:369,10
DA:370,10
DA:371,10
DA:372,10
DA:373,10
DA:374,10
DA:375,4
DA:376,4
DA:377,4
DA:378,4
DA:379,5
DA:380,5
DA:381,5
DA:382,5
DA:383,5
DA:384,5
DA:385,5
DA:386,5
DA:387,5
DA:388,2
DA:389,5
DA:390,5
DA:391,5
DA:392,5
DA:393,5
DA:394,5
DA:395,5
DA:396,1
DA:397,1
DA:398,1
DA:399,1
DA:400,1
DA:401,1
DA:402,1
DA:403,1
DA:404,1
DA:405,1
DA:406,1
DA:407,1
DA:408,1
DA:409,1
DA:410,1
DA:411,1
DA:412,1
DA:413,1
DA:414,5
DA:415,5
DA:416,4
DA:417,4
DA:418,4
DA:419,10
DA:420,10
DA:421,10
DA:422,10
DA:423,10
DA:424,10
DA:425,10
DA:426,10
DA:427,10
DA:428,40
DA:429,40
DA:430,49
DA:431,49
DA:432,49
DA:433,49
DA:434,49
DA:435,49
LF:435
LH:435
BRDA:21,0,0,109
BRDA:40,1,0,0
BRDA:45,2,0,51
BRDA:45,3,0,58
BRDA:47,4,0,51
BRDA:34,5,0,11
BRDA:34,6,0,11
BRDA:53,7,0,16
BRDA:57,8,0,8
BRDA:57,9,0,8
BRDA:63,10,0,9
BRDA:65,11,0,2
BRDA:65,12,0,7
BRDA:65,13,0,3
BRDA:65,14,0,4
BRDA:77,15,0,19
BRDA:79,16,0,9
BRDA:79,17,0,10
BRDA:80,18,0,6
BRDA:80,19,0,4
BRDA:81,20,0,2
BRDA:81,21,0,2
BRDA:82,22,0,1
BRDA:82,23,0,1
BRDA:84,24,0,1
BRDA:88,25,0,4
BRDA:94,26,0,2
BRDA:95,27,0,2
BRDA:99,28,0,2
BRDA:99,29,0,2
BRDA:100,30,0,2
BRDA:100,31,0,2
BRDA:105,32,0,49
BRDA:108,33,0,47
BRDA:108,34,0,2
BRDA:125,35,0,47
BRDA:125,36,0,47
BRDA:139,37,0,2
BRDA:145,38,0,48
BRDA:145,39,0,47
BRDA:147,40,0,46
BRDA:151,41,0,5
BRDA:151,42,0,43
BRDA:151,43,0,1
BRDA:151,44,0,42
BRDA:163,45,0,5
BRDA:170,46,0,2
BRDA:209,47,0,2
BRDA:212,48,0,1
BRDA:223,49,0,1
BRDA:227,50,0,5
BRDA:230,51,0,0
BRDA:232,52,0,1
BRDA:232,53,0,4
BRDA:233,54,0,2
BRDA:233,55,0,2
BRDA:234,56,0,0
BRDA:241,57,0,0
BRDA:247,58,0,1
BRDA:253,59,0,2
BRDA:253,60,0,2
BRDA:265,61,0,5
BRDA:265,62,0,5
BRDA:265,63,0,4
BRDA:270,64,0,1
BRDA:270,65,0,3
BRDA:271,66,0,2
BRDA:271,67,0,1
BRDA:314,68,0,2
BRDA:321,69,0,1
BRDA:322,70,0,1
BRDA:328,71,0,1
BRDA:333,72,0,40
BRDA:336,73,0,26
BRDA:336,74,0,14
BRDA:337,75,0,26
BRDA:337,76,0,14
BRDA:340,77,0,14
BRDA:343,78,0,26
BRDA:343,79,0,8
BRDA:346,80,0,1
BRDA:350,81,0,10
BRDA:367,82,0,5
BRDA:367,83,0,5
BRDA:368,84,0,1
BRDA:368,85,0,4
BRDA:374,86,0,4
BRDA:106,87,0,52
BRDA:107,88,0,52
BRDA:115,89,0,29
BRDA:119,90,0,29
BRDA:120,91,0,27
BRDA:120,92,0,8
BRDA:120,93,0,21
BRDA:120,94,0,8
BRDA:123,95,0,7
BRDA:124,96,0,1
BRDA:127,97,0,2
BRDA:128,98,0,0
BRDA:130,99,0,1
BRDA:179,100,0,235
BRDA:180,101,0,200
BRDA:180,102,0,35
BRDA:181,103,0,35
BRDA:182,104,0,35
BRDA:187,105,0,10
BRDA:187,106,0,0
BRDA:188,107,0,215
BRDA:188,108,0,205
BRDA:188,109,0,30
BRDA:189,110,0,5
BRDA:189,111,0,5
BRDA:189,112,0,230
BRDA:190,113,0,15
BRDA:190,114,0,220
BRDA:193,115,0,15
BRDA:193,116,0,220
BRDA:194,117,0,10
BRDA:194,118,0,0
BRDA:198,119,0,188
BRDA:200,120,0,8
BRDA:200,121,0,180
BRDA:201,122,0,15
BRDA:201,123,0,170
BRDA:201,124,0,10
BRDA:279,125,0,6
BRDA:287,126,0,1
BRDA:287,127,0,5
BRDA:288,128,0,3
BRDA:288,129,0,2
BRDA:293,130,0,5
BRDA:301,131,0,1
BRDA:301,132,0,5
BRDA:303,133,0,4
BRDA:303,134,0,2
BRDA:304,135,0,4
BRDA:304,136,0,2
BRDA:378,137,0,5
BRDA:387,138,0,3
BRDA:387,139,0,2
BRDA:388,140,0,1
BRDA:388,141,0,1
BRDA:392,142,0,1
BRDA:392,143,0,4
BRDA:395,144,0,1
BRDA:381,145,0,2
BRDA:381,146,0,1
BRDA:381,147,0,1
BRDA:401,148,0,1
BRDA:409,149,0,1
BRF:150
BRH:143
end_of_record
TN:
SF:src\components\TaskList.tsx
FN:4,fmt
FN:8,TaskList
FN:39,onClick
FNF:3
FNH:3
FNDA:6,fmt
FNDA:7,TaskList
FNDA:1,onClick
DA:1,1
DA:2,1
DA:3,1
DA:4,6
DA:5,6
DA:6,6
DA:7,1
DA:8,1
DA:9,7
DA:10,7
DA:11,7
DA:12,7
DA:13,7
DA:14,7
DA:15,7
DA:16,7
DA:17,7
DA:18,2
DA:19,2
DA:20,2
DA:21,2
DA:22,2
DA:23,2
DA:24,2
DA:25,5
DA:26,5
DA:27,5
DA:28,5
DA:29,5
DA:30,5
DA:31,5
DA:32,5
DA:33,5
DA:34,5
DA:35,6
DA:36,6
DA:37,6
DA:38,6
DA:39,6
DA:40,6
DA:41,6
DA:42,6
DA:43,6
DA:44,6
DA:45,6
DA:46,6
DA:47,6
DA:48,6
DA:49,6
DA:50,6
DA:51,6
DA:52,6
DA:53,6
DA:54,6
DA:55,6
DA:56,1
DA:57,1
DA:58,1
DA:59,6
DA:60,6
DA:61,6
DA:62,5
DA:63,5
DA:64,5
DA:65,5
DA:66,5
LF:66
LH:66
BRDA:4,0,0,6
BRDA:8,1,0,7
BRDA:17,2,0,2
BRDA:24,3,0,5
BRDA:9,4,0,9
BRDA:10,5,0,9
BRDA:11,6,0,9
BRDA:14,7,0,1
BRDA:34,8,0,6
BRDA:41,9,0,1
BRDA:41,10,0,5
BRDA:55,11,0,3
BRDA:55,12,0,1
BRDA:39,13,0,1
BRF:14
BRH:14
end_of_record
TN:
SF:src\services\api.ts
FN:14,request
FN:30,submitTask
FN:44,getTask
FN:48,listTasks
FN:53,transformReport
FN:117,getReport
FN:123,transformExport
FN:148,exportReport
FNF:8
FNH:8
FNDA:18,request
FNDA:2,submitTask
FNDA:1,getTask
FNDA:2,listTasks
FNDA:9,transformReport
FNDA:9,getReport
FNDA:4,transformExport
FNDA:4,exportReport
DA:1,1
DA:2,1
DA:3,1
DA:4,1
DA:5,1
DA:6,1
DA:7,1
DA:8,1
DA:9,1
DA:10,1
DA:11,1
DA:12,1
DA:13,1
DA:14,18
DA:15,18
DA:16,18
DA:17,18
DA:18,18
DA:19,18
DA:20,18
DA:21,18
DA:22,18
DA:23,18
DA:24,1
DA:25,1
DA:26,1
DA:27,17
DA:28,17
DA:29,1
DA:30,2
DA:31,2
DA:32,2
DA:33,2
DA:34,2
DA:35,2
DA:36,2
DA:37,2
DA:38,2
DA:39,2
DA:40,2
DA:41,2
DA:42,2
DA:43,1
DA:44,1
DA:45,1
DA:46,1
DA:47,1
DA:48,2
DA:49,2
DA:50,2
DA:51,1
DA:52,1
DA:53,9
DA:54,9
DA:55,9
DA:56,9
DA:57,9
DA:58,9
DA:59,9
DA:60,9
DA:61,9
DA:62,9
DA:63,12
DA:64,12
DA:65,12
DA:66,12
DA:67,12
DA:68,12
DA:69,5
DA:70,5
DA:71,12
DA:72,3
DA:73,7
DA:74,3
DA:75,3
DA:76,12
DA:77,12
DA:78,12
DA:79,12
DA:80,20
DA:81,13
DA:82,13
DA:83,12
DA:84,12
DA:85,12
DA:86,12
DA:87,2
DA:88,3
DA:89,2
DA:90,2
DA:91,12
DA:92,12
DA:93,12
DA:94,12
DA:95,12
DA:96,12
DA:97,12
DA:98,12
DA:99,9
DA:100,9
DA:101,9
DA:102,9
DA:103,9
DA:104,9
DA:105,9
DA:106,9
DA:107,9
DA:108,9
DA:109,9
DA:110,9
DA:111,9
DA:112,9
DA:113,9
DA:114,9
DA:115,9
DA:116,1
DA:117,9
DA:118,9
DA:119,9
DA:120,9
DA:121,1
DA:122,1
DA:123,4
DA:124,4
DA:125,4
DA:126,4
DA:127,4
DA:128,4
DA:129,4
DA:130,4
DA:131,4
DA:132,5
DA:133,5
DA:134,5
DA:135,5
DA:136,5
DA:137,5
DA:138,5
DA:139,4
DA:140,4
DA:141,4
DA:142,4
DA:143,4
DA:144,4
DA:145,4
DA:146,4
DA:147,1
DA:148,4
DA:149,4
DA:150,4
DA:151,4
DA:152,4
DA:153,4
LF:153
LH:153
BRDA:14,0,0,18
BRDA:20,1,0,2
BRDA:23,2,0,1
BRDA:26,3,0,17
BRDA:30,4,0,2
BRDA:44,5,0,1
BRDA:48,6,0,2
BRDA:53,7,0,9
BRDA:54,8,0,1
BRDA:102,9,0,1
BRDA:103,10,0,1
BRDA:104,11,0,1
BRDA:106,12,0,8
BRDA:107,13,0,3
BRDA:107,14,0,8
BRDA:110,15,0,8
BRDA:111,16,0,5
BRDA:111,17,0,8
BRDA:62,18,0,12
BRDA:63,19,0,1
BRDA:64,20,0,0
BRDA:68,21,0,5
BRDA:69,22,0,1
BRDA:70,23,0,2
BRDA:70,24,0,3
BRDA:70,25,0,1
BRDA:70,26,0,2
BRDA:71,27,0,7
BRDA:71,28,0,3
BRDA:72,29,0,2
BRDA:72,30,0,1
BRDA:73,31,0,4
BRDA:73,32,0,3
BRDA:74,33,0,2
BRDA:74,34,0,1
BRDA:86,35,0,3
BRDA:86,36,0,2
BRDA:79,37,0,20
BRDA:80,38,0,19
BRDA:80,39,0,18
BRDA:80,40,0,17
BRDA:80,41,0,14
BRDA:80,42,0,13
BRDA:87,43,0,3
BRDA:88,44,0,1
BRDA:117,45,0,9
BRDA:123,46,0,4
BRDA:141,47,0,1
BRDA:130,48,0,12
BRDA:131,49,0,5
BRDA:136,50,0,9
BRDA:136,51,0,8
BRDA:136,52,0,8
BRDA:137,53,0,7
BRDA:148,54,0,4
BRF:55
BRH:54
end_of_record
TN:
SF:src\store\taskStore.ts
FN:7,normalise
FN:47,submitTask
FN:63,refreshTasks
FN:109,selectTask
FN:122,startPolling
FN:131,stopPolling
FNF:6
FNH:6
FNDA:12,normalise
FNDA:3,submitTask
FNDA:15,refreshTasks
FNDA:2,selectTask
FNDA:4,startPolling
FNDA:20,stopPolling
DA:1,1
DA:2,1
DA:3,1
DA:4,1
DA:5,1
DA:6,1
DA:7,12
DA:8,12
DA:9,12
DA:10,12
DA:11,12
DA:12,12
DA:13,12
DA:14,12
DA:15,12
DA:16,12
DA:17,12
DA:18,12
DA:19,12
DA:20,12
DA:21,1
DA:22,1
DA:23,1
DA:24,1
DA:25,1
DA:26,1
DA:27,1
DA:28,1
DA:29,1
DA:30,1
DA:31,1
DA:32,1
DA:33,1
DA:34,1
DA:35,1
DA:36,1
DA:37,1
DA:38,1
DA:39,1
DA:40,1
DA:41,5
DA:42,5
DA:43,5
DA:44,5
DA:45,5
DA:46,5
DA:47,5
DA:48,3
DA:49,3
DA:50,3
DA:51,2
DA:52,2
DA:53,2
DA:54,2
DA:55,2
DA:56,2
DA:57,2
DA:58,3
DA:59,1
DA:60,1
DA:61,3
DA:62,5
DA:63,5
DA:64,15
DA:65,15
DA:66,15
DA:67,15
DA:68,15
DA:69,15
DA:70,15
DA:71,15
DA:72,15
DA:73,9
DA:74,9
DA:75,7
DA:76,4
DA:77,9
DA:78,9
DA:79,6
DA:80,6
DA:81,6
DA:82,1
DA:83,1
DA:84,6
DA:85,3
DA:86,3
DA:87,3
DA:88,3
DA:89,9
DA:90,1
DA:91,1
DA:92,2
DA:93,2
DA:94,15
DA:95,15
DA:96,14
DA:97,14
DA:98,14
DA:99,14
DA:100,9
DA:101,9
DA:102,14
DA:103,14
DA:104,15
DA:105,1
DA:106,1
DA:107,15
DA:108,5
DA:109,5
DA:110,2
DA:111,2
DA:112,2
DA:113,2
DA:114,1
DA:115,1
DA:116,1
DA:117,1
DA:118,1
DA:119,1
DA:120,2
DA:121,5
DA:122,5
DA:123,4
DA:124,3
DA:125,3
DA:126,1
DA:127,3
DA:128,3
DA:129,4
DA:130,5
DA:131,5
DA:132,20
DA:133,20
DA:134,3
DA:135,3
DA:136,3
DA:137,20
DA:138,1
LF:138
LH:138
BRDA:7,0,0,12
BRDA:10,1,0,10
BRDA:11,2,0,1
BRDA:12,3,0,10
BRDA:13,4,0,1
BRDA:15,5,0,6
BRDA:40,6,0,5
BRDA:47,7,0,3
BRDA:50,8,0,2
BRDA:58,9,0,1
BRDA:52,10,0,2
BRDA:63,11,0,15
BRDA:65,12,0,14
BRDA:66,13,0,1
BRDA:95,14,0,14
BRDA:104,15,0,1
BRDA:72,16,0,9
BRDA:74,17,0,7
BRDA:75,18,0,4
BRDA:78,19,0,6
BRDA:80,20,0,5
BRDA:81,21,0,1
BRDA:84,22,0,3
BRDA:89,23,0,2
BRDA:89,24,0,1
BRDA:89,25,0,1
BRDA:89,26,0,1
BRDA:91,27,0,2
BRDA:97,28,0,14
BRDA:99,29,0,9
BRDA:109,30,0,2
BRDA:113,31,0,1
BRDA:114,32,0,1
BRDA:122,33,0,4
BRDA:123,34,0,1
BRDA:123,35,0,3
BRDA:125,36,0,1
BRDA:131,37,0,20
BRDA:133,38,0,3
BRF:39
BRH:39
end_of_record
TN:
SF:src\types\index.ts
FNF:0
FNH:0
DA:1,1
DA:2,1
DA:3,1
DA:4,1
DA:5,1
DA:6,1
DA:7,1
DA:8,1
DA:9,1
DA:10,1
DA:11,1
DA:12,1
DA:13,1
DA:14,1
DA:15,1
DA:16,1
DA:17,1
DA:18,1
DA:19,1
DA:20,1
DA:21,1
DA:22,1
DA:23,1
DA:24,1
DA:25,1
DA:26,1
DA:27,1
DA:28,1
DA:29,1
DA:30,1
DA:31,1
DA:32,1
DA:33,1
DA:34,1
DA:35,1
DA:36,1
DA:37,1
DA:38,1
DA:39,1
DA:40,1
DA:41,1
DA:42,1
DA:43,1
DA:44,1
DA:45,1
DA:46,1
DA:47,1
DA:48,1
DA:49,1
DA:50,1
DA:51,1
DA:52,1
DA:53,1
DA:54,1
DA:55,1
DA:56,1
DA:57,1
DA:58,1
DA:59,1
DA:60,1
DA:61,1
DA:62,1
DA:63,1
DA:64,1
DA:65,1
DA:66,1
DA:67,1
DA:68,1
DA:69,1
DA:70,1
DA:71,1
DA:72,1
DA:73,1
DA:74,1
DA:75,1
DA:76,1
DA:77,1
DA:78,1
DA:79,1
DA:80,1
DA:81,1
DA:82,1
DA:83,1
DA:84,1
DA:85,1
DA:86,1
DA:87,1
DA:88,1
DA:89,1
DA:90,1
DA:91,1
DA:92,1
DA:93,1
DA:94,1
DA:95,1
LF:95
LH:95
BRF:0
BRH:0
end_of_record
